#
# There is insufficient memory for the Java Runtime Environment to continue.
# Native memory allocation (malloc) failed to allocate 733376 bytes for Chunk::new
# Possible reasons:
#   The system is out of physical RAM or swap space
#   In 32 bit mode, the process size limit was hit
# Possible solutions:
#   Reduce memory load on the system
#   Increase physical memory or swap space
#   Check if swap backing store is full
#   Use 64 bit Java on a 64 bit OS
#   Decrease Java heap size (-Xmx/-Xms)
#   Decrease number of Java threads
#   Decrease Java thread stack sizes (-Xss)
#   Set larger code cache with -XX:ReservedCodeCacheSize=
# This output file may be truncated or incomplete.
#
#  Out of Memory Error (allocation.cpp:390), pid=2192, tid=0x0000000000002354
#
# JRE version: OpenJDK Runtime Environment (8.0_152-b06) (build 1.8.0_152-release-1136-b06)
# Java VM: OpenJDK 64-Bit Server VM (25.152-b06 mixed mode windows-amd64 compressed oops)
# Failed to write core dump. Minidumps are not enabled by default on client versions of Windows
#

---------------  T H R E A D  ---------------

Current thread (0x00000000252fc800):  JavaThread "C2 CompilerThread1" daemon [_thread_in_native, id=9044, stack(0x0000000026a60000,0x0000000026b60000)]

Stack: [0x0000000026a60000,0x0000000026b60000]
[error occurred during error reporting (printing stack bounds), id 0xc0000005]

Native frames: (J=compiled Java code, j=interpreted, Vv=VM code, C=native code)


Current CompileTask:
C2:  10208 4452       4       sun.reflect.generics.parser.SignatureParser::parseFieldTypeSignature (73 bytes)


---------------  P R O C E S S  ---------------

Java Threads: ( => current thread )
  0x000000002a3bc800 JavaThread "Memory manager" [_thread_blocked, id=10164, stack(0x000000002fa90000,0x000000002fb90000)]
  0x000000002a3c2800 JavaThread "pool-1-thread-1" [_thread_blocked, id=1400, stack(0x000000002f790000,0x000000002f890000)]
  0x000000002a3c1800 JavaThread "Build operations Thread 4" [_thread_blocked, id=5144, stack(0x000000002f490000,0x000000002f590000)]
  0x000000002a3c3000 JavaThread "Build operations Thread 3" [_thread_blocked, id=6544, stack(0x000000002f390000,0x000000002f490000)]
  0x000000002a3c0000 JavaThread "Build operations Thread 2" [_thread_blocked, id=9496, stack(0x000000002f290000,0x000000002f390000)]
  0x000000002a3b9000 JavaThread "Build operations" [_thread_blocked, id=9348, stack(0x000000002ee80000,0x000000002ef80000)]
  0x000000002a3b8000 JavaThread "Cache worker for Artifact transforms cache (C:\Users\Usuario\.gradle\caches\transforms-1)" [_thread_blocked, id=9908, stack(0x000000002e780000,0x000000002e880000)]
  0x0000000028246000 JavaThread "Cache worker for file hash cache (D:\EntrenamietoWS2018\ProyectosWORDKEntrenamiento\evs\firebas\.gradle\4.6\fileHashes)" [_thread_blocked, id=3324, stack(0x000000002b0d0000,0x000000002b1d0000)]
  0x0000000028419800 JavaThread "File lock request listener" [_thread_in_native, id=5408, stack(0x000000002afd0000,0x000000002b0d0000)]
  0x000000002844c800 JavaThread "Cache worker for file hash cache (C:\Users\Usuario\.gradle\caches\4.6\fileHashes)" [_thread_blocked, id=1336, stack(0x000000002aed0000,0x000000002afd0000)]
  0x00000000282c7800 JavaThread "Stdin handler" [_thread_blocked, id=7612, stack(0x0000000029c00000,0x0000000029d00000)]
  0x00000000282c6000 JavaThread "Asynchronous log dispatcher for DefaultDaemonConnection: socket connection from /127.0.0.1:59760 to /127.0.0.1:59761" [_thread_blocked, id=11020, stack(0x0000000029b00000,0x0000000029c00000)]
  0x00000000282a7000 JavaThread "Daemon worker" [_thread_in_vm, id=3736, stack(0x0000000029a00000,0x0000000029b00000)]
  0x00000000282b6800 JavaThread "Cancel handler" [_thread_blocked, id=820, stack(0x0000000029900000,0x0000000029a00000)]
  0x0000000028293800 JavaThread "Handler for socket connection from /127.0.0.1:59760 to /127.0.0.1:59761" [_thread_in_native, id=9024, stack(0x0000000029600000,0x0000000029700000)]
  0x0000000026f7f800 JavaThread "Daemon" [_thread_blocked, id=10012, stack(0x0000000029500000,0x0000000029600000)]
  0x0000000028229000 JavaThread "Daemon periodic checks" [_thread_blocked, id=5872, stack(0x0000000029400000,0x0000000029500000)]
  0x0000000028215000 JavaThread "Incoming local TCP Connector on port 59760" [_thread_in_native, id=9832, stack(0x0000000028f70000,0x0000000029070000)]
  0x0000000026c60800 JavaThread "Service Thread" daemon [_thread_blocked, id=236, stack(0x0000000027060000,0x0000000027160000)]
  0x000000002530a800 JavaThread "C1 CompilerThread2" daemon [_thread_blocked, id=8524, stack(0x0000000026b60000,0x0000000026c60000)]
=>0x00000000252fc800 JavaThread "C2 CompilerThread1" daemon [_thread_in_native, id=9044, stack(0x0000000026a60000,0x0000000026b60000)]
  0x0000000025306800 JavaThread "C2 CompilerThread0" daemon [_thread_in_native, id=5376, stack(0x0000000026960000,0x0000000026a60000)]
  0x0000000025305000 JavaThread "Attach Listener" daemon [_thread_blocked, id=10344, stack(0x0000000026860000,0x0000000026960000)]
  0x0000000025303800 JavaThread "Signal Dispatcher" daemon [_thread_blocked, id=5980, stack(0x0000000026760000,0x0000000026860000)]
  0x0000000002d3c000 JavaThread "Finalizer" daemon [_thread_blocked, id=7644, stack(0x0000000026550000,0x0000000026650000)]
  0x0000000002d30800 JavaThread "Reference Handler" daemon [_thread_blocked, id=9256, stack(0x0000000026450000,0x0000000026550000)]
  0x00000000013cd800 JavaThread "main" [_thread_blocked, id=8656, stack(0x0000000002b40000,0x0000000002c40000)]

Other Threads:
  0x00000000252c5800 VMThread [stack: 0x0000000026350000,0x0000000026450000] [id=7056]
  0x0000000026c62000 WatcherThread [stack: 0x0000000027160000,0x0000000027260000] [id=5460]

VM state:not at safepoint (normal execution)

VM Mutex/Monitor currently owned by a thread: None

Heap:
 PSYoungGen      total 108032K, used 35515K [0x0000000719580000, 0x0000000720d80000, 0x00000007c0000000)
  eden space 96256K, 24% used [0x0000000719580000,0x000000071acb0e60,0x000000071f380000)
  from space 11776K, 99% used [0x0000000720080000,0x0000000720bfdf58,0x0000000720c00000)
  to   space 13312K, 0% used [0x000000071f380000,0x000000071f380000,0x0000000720080000)
 ParOldGen       total 66048K, used 18336K [0x00000005cc000000, 0x00000005d0080000, 0x0000000719580000)
  object space 66048K, 27% used [0x00000005cc000000,0x00000005cd1e8188,0x00000005d0080000)
 Metaspace       used 44612K, capacity 45672K, committed 45912K, reserved 1089536K
  class space    used 6100K, capacity 6432K, committed 6488K, reserved 1048576K

Card table byte_map: [0x0000000012100000,0x00000000130b0000] byte_map_base: 0x000000000f2a0000

Marking Bits: (ParMarkBitMap*) 0x0000000066925aa0
 Begin Bits: [0x0000000013f20000, 0x000000001bc20000)
 End Bits:   [0x000000001bc20000, 0x0000000023920000)

Polling page: 0x0000000000f10000

CodeCache: size=245760Kb used=13795Kb max_used=13798Kb free=231964Kb
 bounds [0x0000000002d40000, 0x0000000003ad0000, 0x0000000011d40000]
 total_blobs=4827 nmethods=4088 adapters=651
 compilation: enabled

Compilation events (10 events):
Event: 10.122 Thread 0x000000002530a800 4456       3       com.sun.xml.bind.v2.model.nav.ReflectionNavigator::fix (47 bytes)
Event: 10.122 Thread 0x000000002530a800 nmethod 4456 0x0000000003aad650 code [0x0000000003aad800, 0x0000000003aae028]
Event: 10.123 Thread 0x000000002530a800 4457       3       com.sun.xml.bind.v2.model.nav.ReflectionNavigator::isStaticMethod (9 bytes)
Event: 10.123 Thread 0x000000002530a800 nmethod 4457 0x0000000003abc990 code [0x0000000003abcb00, 0x0000000003abcf70]
Event: 10.123 Thread 0x000000002530a800 4458       3       com.sun.xml.bind.v2.model.impl.ClassInfoImpl::getPropertyNameFromGetMethod (48 bytes)
Event: 10.124 Thread 0x000000002530a800 nmethod 4458 0x0000000003ac4290 code [0x0000000003ac4460, 0x0000000003ac4d38]
Event: 10.124 Thread 0x000000002530a800 4459       3       com.sun.xml.bind.v2.model.impl.ClassInfoImpl::getPropertyNameFromSetMethod (25 bytes)
Event: 10.124 Thread 0x000000002530a800 nmethod 4459 0x0000000003aace50 code [0x0000000003aacfe0, 0x0000000003aad4f8]
Event: 10.125 Thread 0x000000002530a800 4460       3       com.sun.xml.bind.v2.model.impl.PropertyInfoImpl::nav (8 bytes)
Event: 10.125 Thread 0x000000002530a800 nmethod 4460 0x0000000003ab8110 code [0x0000000003ab8280, 0x0000000003ab84d0]

GC Heap History (10 events):
Event: 4.992 GC heap before
{Heap before GC invocations=8 (full 1):
 PSYoungGen      total 67072K, used 67064K [0x0000000719580000, 0x0000000720200000, 0x00000007c0000000)
  eden space 61952K, 100% used [0x0000000719580000,0x000000071d200000,0x000000071d200000)
  from space 5120K, 99% used [0x000000071db80000,0x000000071e07e3f0,0x000000071e080000)
  to   space 9728K, 0% used [0x000000071d200000,0x000000071d200000,0x000000071db80000)
 ParOldGen       total 66048K, used 9811K [0x00000005cc000000, 0x00000005d0080000, 0x0000000719580000)
  object space 66048K, 14% used [0x00000005cc000000,0x00000005cc994c40,0x00000005d0080000)
 Metaspace       used 29930K, capacity 30552K, committed 30848K, reserved 1075200K
  class space    used 4210K, capacity 4421K, committed 4480K, reserved 1048576K
Event: 5.003 GC heap after
Heap after GC invocations=8 (full 1):
 PSYoungGen      total 71680K, used 9268K [0x0000000719580000, 0x000000071fc80000, 0x00000007c0000000)
  eden space 61952K, 0% used [0x0000000719580000,0x0000000719580000,0x000000071d200000)
  from space 9728K, 95% used [0x000000071d200000,0x000000071db0d0e0,0x000000071db80000)
  to   space 10752K, 0% used [0x000000071f200000,0x000000071f200000,0x000000071fc80000)
 ParOldGen       total 66048K, used 9819K [0x00000005cc000000, 0x00000005d0080000, 0x0000000719580000)
  object space 66048K, 14% used [0x00000005cc000000,0x00000005cc996c40,0x00000005d0080000)
 Metaspace       used 29930K, capacity 30552K, committed 30848K, reserved 1075200K
  class space    used 4210K, capacity 4421K, committed 4480K, reserved 1048576K
}
Event: 6.288 GC heap before
{Heap before GC invocations=9 (full 1):
 PSYoungGen      total 71680K, used 53216K [0x0000000719580000, 0x000000071fc80000, 0x00000007c0000000)
  eden space 61952K, 70% used [0x0000000719580000,0x000000071c06b318,0x000000071d200000)
  from space 9728K, 95% used [0x000000071d200000,0x000000071db0d0e0,0x000000071db80000)
  to   space 10752K, 0% used [0x000000071f200000,0x000000071f200000,0x000000071fc80000)
 ParOldGen       total 66048K, used 9819K [0x00000005cc000000, 0x00000005d0080000, 0x0000000719580000)
  object space 66048K, 14% used [0x00000005cc000000,0x00000005cc996c40,0x00000005d0080000)
 Metaspace       used 34594K, capacity 35276K, committed 35416K, reserved 1079296K
  class space    used 4863K, capacity 5125K, committed 5208K, reserved 1048576K
Event: 6.300 GC heap after
Heap after GC invocations=9 (full 1):
 PSYoungGen      total 93184K, used 10721K [0x0000000719580000, 0x000000071fe80000, 0x00000007c0000000)
  eden space 82432K, 0% used [0x0000000719580000,0x0000000719580000,0x000000071e600000)
  from space 10752K, 99% used [0x000000071f200000,0x000000071fc78728,0x000000071fc80000)
  to   space 12288K, 0% used [0x000000071e600000,0x000000071e600000,0x000000071f200000)
 ParOldGen       total 66048K, used 10492K [0x00000005cc000000, 0x00000005d0080000, 0x0000000719580000)
  object space 66048K, 15% used [0x00000005cc000000,0x00000005cca3f1e0,0x00000005d0080000)
 Metaspace       used 34594K, capacity 35276K, committed 35416K, reserved 1079296K
  class space    used 4863K, capacity 5125K, committed 5208K, reserved 1048576K
}
Event: 6.300 GC heap before
{Heap before GC invocations=10 (full 2):
 PSYoungGen      total 93184K, used 10721K [0x0000000719580000, 0x000000071fe80000, 0x00000007c0000000)
  eden space 82432K, 0% used [0x0000000719580000,0x0000000719580000,0x000000071e600000)
  from space 10752K, 99% used [0x000000071f200000,0x000000071fc78728,0x000000071fc80000)
  to   space 12288K, 0% used [0x000000071e600000,0x000000071e600000,0x000000071f200000)
 ParOldGen       total 66048K, used 10492K [0x00000005cc000000, 0x00000005d0080000, 0x0000000719580000)
  object space 66048K, 15% used [0x00000005cc000000,0x00000005cca3f1e0,0x00000005d0080000)
 Metaspace       used 34594K, capacity 35276K, committed 35416K, reserved 1079296K
  class space    used 4863K, capacity 5125K, committed 5208K, reserved 1048576K
Event: 6.382 GC heap after
Heap after GC invocations=10 (full 2):
 PSYoungGen      total 93184K, used 0K [0x0000000719580000, 0x000000071fe80000, 0x00000007c0000000)
  eden space 82432K, 0% used [0x0000000719580000,0x0000000719580000,0x000000071e600000)
  from space 10752K, 0% used [0x000000071f200000,0x000000071f200000,0x000000071fc80000)
  to   space 12288K, 0% used [0x000000071e600000,0x000000071e600000,0x000000071f200000)
 ParOldGen       total 66048K, used 17770K [0x00000005cc000000, 0x00000005d0080000, 0x0000000719580000)
  object space 66048K, 26% used [0x00000005cc000000,0x00000005cd15abd8,0x00000005d0080000)
 Metaspace       used 34594K, capacity 35276K, committed 35416K, reserved 1079296K
  class space    used 4863K, capacity 5125K, committed 5208K, reserved 1048576K
}
Event: 7.434 GC heap before
{Heap before GC invocations=11 (full 2):
 PSYoungGen      total 93184K, used 82432K [0x0000000719580000, 0x000000071fe80000, 0x00000007c0000000)
  eden space 82432K, 100% used [0x0000000719580000,0x000000071e600000,0x000000071e600000)
  from space 10752K, 0% used [0x000000071f200000,0x000000071f200000,0x000000071fc80000)
  to   space 12288K, 0% used [0x000000071e600000,0x000000071e600000,0x000000071f200000)
 ParOldGen       total 66048K, used 17770K [0x00000005cc000000, 0x00000005d0080000, 0x0000000719580000)
  object space 66048K, 26% used [0x00000005cc000000,0x00000005cd15abd8,0x00000005d0080000)
 Metaspace       used 39979K, capacity 40766K, committed 41176K, reserved 1085440K
  class space    used 5476K, capacity 5758K, committed 5848K, reserved 1048576K
Event: 7.442 GC heap after
Heap after GC invocations=11 (full 2):
 PSYoungGen      total 94720K, used 8329K [0x0000000719580000, 0x0000000720c00000, 0x00000007c0000000)
  eden space 82432K, 0% used [0x0000000719580000,0x0000000719580000,0x000000071e600000)
  from space 12288K, 67% used [0x000000071e600000,0x000000071ee22790,0x000000071f200000)
  to   space 11776K, 0% used [0x0000000720080000,0x0000000720080000,0x0000000720c00000)
 ParOldGen       total 66048K, used 17778K [0x00000005cc000000, 0x00000005d0080000, 0x0000000719580000)
  object space 66048K, 26% used [0x00000005cc000000,0x00000005cd15cbd8,0x00000005d0080000)
 Metaspace       used 39979K, capacity 40766K, committed 41176K, reserved 1085440K
  class space    used 5476K, capacity 5758K, committed 5848K, reserved 1048576K
}
Event: 9.345 GC heap before
{Heap before GC invocations=12 (full 2):
 PSYoungGen      total 94720K, used 90761K [0x0000000719580000, 0x0000000720c00000, 0x00000007c0000000)
  eden space 82432K, 100% used [0x0000000719580000,0x000000071e600000,0x000000071e600000)
  from space 12288K, 67% used [0x000000071e600000,0x000000071ee22790,0x000000071f200000)
  to   space 11776K, 0% used [0x0000000720080000,0x0000000720080000,0x0000000720c00000)
 ParOldGen       total 66048K, used 17778K [0x00000005cc000000, 0x00000005d0080000, 0x0000000719580000)
  object space 66048K, 26% used [0x00000005cc000000,0x00000005cd15cbd8,0x00000005d0080000)
 Metaspace       used 43283K, capacity 44330K, committed 44632K, reserved 1087488K
  class space    used 5879K, capacity 6203K, committed 6232K, reserved 1048576K
Event: 9.356 GC heap after
Heap after GC invocations=12 (full 2):
 PSYoungGen      total 108032K, used 11767K [0x0000000719580000, 0x0000000720d80000, 0x00000007c0000000)
  eden space 96256K, 0% used [0x0000000719580000,0x0000000719580000,0x000000071f380000)
  from space 11776K, 99% used [0x0000000720080000,0x0000000720bfdf58,0x0000000720c00000)
  to   space 13312K, 0% used [0x000000071f380000,0x000000071f380000,0x0000000720080000)
 ParOldGen       total 66048K, used 18336K [0x00000005cc000000, 0x00000005d0080000, 0x0000000719580000)
  object space 66048K, 27% used [0x00000005cc000000,0x00000005cd1e8188,0x00000005d0080000)
 Metaspace       used 43283K, capacity 44330K, committed 44632K, reserved 1087488K
  class space    used 5879K, capacity 6203K, committed 6232K, reserved 1048576K
}

Deoptimization events (10 events):
Event: 7.074 Thread 0x00000000282a7000 Uncommon trap: reason=unstable_if action=reinterpret pc=0x0000000002f39728 method=java.lang.ThreadLocal.get()Ljava/lang/Object; @ 11
Event: 7.100 Thread 0x00000000282a7000 Uncommon trap: reason=unstable_if action=reinterpret pc=0x000000000319a9fc method=java.lang.CharacterDataLatin1.isWhitespace(I)Z @ 14
Event: 7.164 Thread 0x00000000282a7000 Uncommon trap: reason=unstable_if action=reinterpret pc=0x000000000352a39c method=java.util.jar.JarFile.getInputStream(Ljava/util/zip/ZipEntry;)Ljava/io/InputStream; @ 37
Event: 7.166 Thread 0x00000000282a7000 Uncommon trap: reason=unstable_if action=reinterpret pc=0x000000000320fe94 method=java.util.jar.JarFile$JarFileEntry.getCodeSigners()[Ljava/security/CodeSigner; @ 24
Event: 7.166 Thread 0x00000000282a7000 Uncommon trap: reason=unstable_if action=reinterpret pc=0x0000000002f24bf4 method=java.security.CodeSource.<init>(Ljava/net/URL;[Ljava/security/CodeSigner;)V @ 25
Event: 7.167 Thread 0x00000000282a7000 Uncommon trap: reason=unstable_if action=reinterpret pc=0x000000000362ba2c method=java.security.CodeSource.getCertificates()[Ljava/security/cert/Certificate; @ 22
Event: 7.168 Thread 0x00000000282a7000 Uncommon trap: reason=unstable_if action=reinterpret pc=0x00000000032136b0 method=java.security.CodeSource.matchCerts(Ljava/security/CodeSource;Z)Z @ 11
Event: 7.191 Thread 0x00000000282a7000 Uncommon trap: reason=unstable_if action=reinterpret pc=0x0000000003072614 method=java.util.LinkedHashMap.get(Ljava/lang/Object;)Ljava/lang/Object; @ 20
Event: 7.296 Thread 0x00000000282a7000 Uncommon trap: reason=unstable_if action=reinterpret pc=0x0000000003683cb8 method=org.objectweb.asm.ByteVector.putUTF8(Ljava/lang/String;)Lorg/objectweb/asm/ByteVector; @ 91
Event: 8.127 Thread 0x00000000282a7000 Uncommon trap: reason=class_check action=maybe_recompile pc=0x000000000368736c method=org.codehaus.groovy.runtime.metaclass.MetaMethodIndex.addMethodToList(Ljava/lang/Object;Lgroovy/lang/MetaMethod;)Ljava/lang/Object; @ 220

Classes redefined (0 events):
No events

Internal exceptions (10 events):
Event: 9.865 Thread 0x00000000282a7000 Exception <a 'sun/nio/fs/WindowsException'> (0x0000000719e419a0) thrown at [D:\src\AOSP-openjdk-cygwin\jdk8u\hotspot\src\share\vm\prims\jni.cpp, line 709]
Event: 9.865 Thread 0x00000000282a7000 Exception <a 'sun/nio/fs/WindowsException'> (0x0000000719e42598) thrown at [D:\src\AOSP-openjdk-cygwin\jdk8u\hotspot\src\share\vm\prims\jni.cpp, line 709]
Event: 9.865 Thread 0x00000000282a7000 Exception <a 'sun/nio/fs/WindowsException'> (0x0000000719e441d8) thrown at [D:\src\AOSP-openjdk-cygwin\jdk8u\hotspot\src\share\vm\prims\jni.cpp, line 709]
Event: 9.865 Thread 0x00000000282a7000 Exception <a 'sun/nio/fs/WindowsException'> (0x0000000719e44e08) thrown at [D:\src\AOSP-openjdk-cygwin\jdk8u\hotspot\src\share\vm\prims\jni.cpp, line 709]
Event: 9.865 Thread 0x00000000282a7000 Exception <a 'sun/nio/fs/WindowsException'> (0x0000000719e47cc0) thrown at [D:\src\AOSP-openjdk-cygwin\jdk8u\hotspot\src\share\vm\prims\jni.cpp, line 709]
Event: 9.865 Thread 0x00000000282a7000 Exception <a 'sun/nio/fs/WindowsException'> (0x0000000719e48990) thrown at [D:\src\AOSP-openjdk-cygwin\jdk8u\hotspot\src\share\vm\prims\jni.cpp, line 709]
Event: 9.865 Thread 0x00000000282a7000 Exception <a 'sun/nio/fs/WindowsException'> (0x0000000719e4a698) thrown at [D:\src\AOSP-openjdk-cygwin\jdk8u\hotspot\src\share\vm\prims\jni.cpp, line 709]
Event: 9.865 Thread 0x00000000282a7000 Exception <a 'sun/nio/fs/WindowsException'> (0x0000000719e4b3a8) thrown at [D:\src\AOSP-openjdk-cygwin\jdk8u\hotspot\src\share\vm\prims\jni.cpp, line 709]
Event: 9.956 Thread 0x00000000282a7000 Exception <a 'java/lang/ClassNotFoundException': com/sun/org/glassfish/hk2/osgiresourcelocator/ServiceLoader> (0x0000000719ea7190) thrown at [D:\src\AOSP-openjdk-cygwin\jdk8u\hotspot\src\share\vm\classfile\systemDictionary.cpp, line 210]
Event: 10.016 Thread 0x00000000282a7000 Exception <a 'java/lang/NullPointerException'> (0x000000071a33ed20) thrown at [D:\src\AOSP-openjdk-cygwin\jdk8u\hotspot\src\share\vm\interpreter\linkResolver.cpp, line 1301]

Events (10 events):
Event: 10.101 loading class javax/xml/bind/annotation/XmlSchemaType$DEFAULT
Event: 10.102 loading class javax/xml/bind/annotation/XmlSchemaType$DEFAULT done
Event: 10.111 loading class com/sun/xml/bind/v2/model/nav/ReflectionNavigator$BinderArg
Event: 10.111 loading class com/sun/xml/bind/v2/model/nav/ReflectionNavigator$BinderArg done
Event: 10.111 loading class com/sun/xml/bind/v2/model/nav/ParameterizedTypeImpl
Event: 10.111 loading class com/sun/xml/bind/v2/model/nav/ParameterizedTypeImpl done
Event: 10.120 loading class com/android/repository/impl/meta/Archive$HostConfig
Event: 10.120 loading class com/android/repository/impl/meta/Archive$HostConfig done
Event: 10.127 loading class com/sun/xml/bind/api/impl/NameConverter
Event: 10.127 loading class com/sun/xml/bind/api/impl/NameConverter done


Dynamic libraries:
0x00007ff70b450000 - 0x00007ff70b481000 	C:\Program Files\Android\Android Studio\jre\bin\java.exe
0x00007ffd64220000 - 0x00007ffd643f1000 	C:\Windows\SYSTEM32\ntdll.dll
0x00007ffd62170000 - 0x00007ffd6221b000 	C:\Windows\System32\KERNEL32.DLL
0x00007ffd609f0000 - 0x00007ffd60c0d000 	C:\Windows\System32\KERNELBASE.dll
0x00007ffd64170000 - 0x00007ffd64212000 	C:\Windows\System32\ADVAPI32.dll
0x00007ffd62220000 - 0x00007ffd622be000 	C:\Windows\System32\msvcrt.dll
0x00007ffd625c0000 - 0x00007ffd62619000 	C:\Windows\System32\sechost.dll
0x00007ffd617f0000 - 0x00007ffd61911000 	C:\Windows\System32\RPCRT4.dll
0x00007ffd61ea0000 - 0x00007ffd62005000 	C:\Windows\System32\USER32.dll
0x00007ffd60da0000 - 0x00007ffd60dbe000 	C:\Windows\System32\win32u.dll
0x00007ffd64120000 - 0x00007ffd64154000 	C:\Windows\System32\GDI32.dll
0x00007ffd60c10000 - 0x00007ffd60d92000 	C:\Windows\System32\gdi32full.dll
0x00007ffd57460000 - 0x00007ffd576d9000 	C:\Windows\WinSxS\amd64_microsoft.windows.common-controls_6595b64144ccf1df_6.0.14393.0_none_2d0f50fcbdb171b8\COMCTL32.dll
0x00007ffd62780000 - 0x00007ffd62a47000 	C:\Windows\System32\combase.dll
0x00007ffd60f70000 - 0x00007ffd61065000 	C:\Windows\System32\ucrtbase.dll
0x00007ffd607b0000 - 0x00007ffd6081a000 	C:\Windows\System32\bcryptPrimitives.dll
0x00007ffd617c0000 - 0x00007ffd617ee000 	C:\Windows\System32\IMM32.DLL
0x0000000063da0000 - 0x0000000063e72000 	C:\Program Files\Android\Android Studio\jre\jre\bin\msvcr100.dll
0x0000000066160000 - 0x00000000669a1000 	C:\Program Files\Android\Android Studio\jre\jre\bin\server\jvm.dll
0x00007ffd64160000 - 0x00007ffd64168000 	C:\Windows\System32\PSAPI.DLL
0x00007ffd51590000 - 0x00007ffd51599000 	C:\Windows\SYSTEM32\WSOCK32.dll
0x00007ffd5ebc0000 - 0x00007ffd5ebe3000 	C:\Windows\SYSTEM32\WINMM.dll
0x00007ffd62350000 - 0x00007ffd623ba000 	C:\Windows\System32\WS2_32.dll
0x00007ffd5b1d0000 - 0x00007ffd5b1da000 	C:\Windows\SYSTEM32\VERSION.dll
0x00007ffd5eb60000 - 0x00007ffd5eb8b000 	C:\Windows\SYSTEM32\winmmbase.dll
0x00007ffd60f20000 - 0x00007ffd60f62000 	C:\Windows\System32\cfgmgr32.dll
0x00007ffd58d60000 - 0x00007ffd58d6f000 	C:\Program Files\Android\Android Studio\jre\jre\bin\verify.dll
0x00007ffd57770000 - 0x00007ffd57799000 	C:\Program Files\Android\Android Studio\jre\jre\bin\java.dll
0x00007ffd57750000 - 0x00007ffd57766000 	C:\Program Files\Android\Android Studio\jre\jre\bin\zip.dll
0x00007ffd62a50000 - 0x00007ffd63f58000 	C:\Windows\System32\SHELL32.dll
0x00007ffd61070000 - 0x00007ffd6174a000 	C:\Windows\System32\windows.storage.dll
0x00007ffd60760000 - 0x00007ffd607ac000 	C:\Windows\System32\powrprof.dll
0x00007ffd623c0000 - 0x00007ffd62412000 	C:\Windows\System32\shlwapi.dll
0x00007ffd60730000 - 0x00007ffd6073f000 	C:\Windows\System32\kernel.appcore.dll
0x00007ffd60dc0000 - 0x00007ffd60e69000 	C:\Windows\System32\shcore.dll
0x00007ffd60740000 - 0x00007ffd60754000 	C:\Windows\System32\profapi.dll
0x00007ffd57070000 - 0x00007ffd5708a000 	C:\Program Files\Android\Android Studio\jre\jre\bin\net.dll
0x00007ffd60050000 - 0x00007ffd600ac000 	C:\Windows\system32\mswsock.dll
0x00007ffd56f60000 - 0x00007ffd56f71000 	C:\Program Files\Android\Android Studio\jre\jre\bin\nio.dll
0x00007ffd58c10000 - 0x00007ffd58c2e000 	C:\Users\Usuario\.gradle\native\25\windows-amd64\native-platform.dll
0x00007ffd58960000 - 0x00007ffd5896d000 	C:\Program Files\Android\Android Studio\jre\jre\bin\management.dll
0x00007ffd601f0000 - 0x00007ffd60207000 	C:\Windows\SYSTEM32\CRYPTSP.dll
0x00007ffd5fc60000 - 0x00007ffd5fc93000 	C:\Windows\system32\rsaenh.dll
0x00007ffd60300000 - 0x00007ffd6032b000 	C:\Windows\SYSTEM32\bcrypt.dll
0x00007ffd5fed0000 - 0x00007ffd5feef000 	C:\Windows\SYSTEM32\USERENV.dll
0x00007ffd60210000 - 0x00007ffd6021b000 	C:\Windows\SYSTEM32\CRYPTBASE.dll
0x00007ffd5fde0000 - 0x00007ffd5fe18000 	C:\Windows\SYSTEM32\IPHLPAPI.DLL
0x00007ffd61e90000 - 0x00007ffd61e98000 	C:\Windows\System32\NSI.dll
0x00007ffd55ae0000 - 0x00007ffd55af6000 	C:\Windows\SYSTEM32\dhcpcsvc6.DLL
0x00007ffd55b90000 - 0x00007ffd55baa000 	C:\Windows\SYSTEM32\dhcpcsvc.DLL

VM Arguments:
jvm_args: -Xmx8000m -Dfile.encoding=windows-1252 -Duser.country=CO -Duser.language=es -Duser.variant 
java_command: org.gradle.launcher.daemon.bootstrap.GradleDaemon 4.6
java_class_path (initial): C:\Users\Usuario\.gradle\wrapper\dists\gradle-4.6-all\bcst21l2brirad8k2ben1letg\gradle-4.6\lib\gradle-launcher-4.6.jar
Launcher Type: SUN_STANDARD

Environment Variables:
PATH=C:\ProgramData\Oracle\Java\javapath;C:\Windows\system32;C:\Windows;C:\Windows\System32\Wbem;C:\Windows\System32\WindowsPowerShell\v1.0\;C:\Program Files\Git\cmd;C:\Users\Usuario\Desktop\sdkface\bin;C:\Users\Usuario\AppData\Local\Microsoft\WindowsApps;C:\Users\Usuario\AppData\Local\GitHubDesktop\bin
USERNAME=Usuario
OS=Windows_NT
PROCESSOR_IDENTIFIER=Intel64 Family 6 Model 142 Stepping 9, GenuineIntel



---------------  S Y S T E M  ---------------

OS: Windows 10.0 , 64 bit Build 14393 (10.0.14393.0)

CPU:total 4 (initial active 4) (2 cores per cpu, 2 threads per core) family 6 model 142 stepping 9, cmov, cx8, fxsr, mmx, sse, sse2, sse3, ssse3, sse4.1, sse4.2, popcnt, avx, avx2, aes, clmul, erms, 3dnowpref, lzcnt, ht, tsc, tscinvbit, bmi1, bmi2, adx

Memory: 4k page, physical 8267184k(2109976k free), swap 12875184k(4868k free)

vm_info: OpenJDK 64-Bit Server VM (25.152-b06) for windows-amd64 JRE (1.8.0_152-release-1136-b06), built by "builder" with MS VC++ 10.0 (VS2010)

time: Mon Oct 08 18:28:48 2018
elapsed time: 10 seconds (0d 0h 0m 10s)

